#
# There is insufficient memory for the Java Runtime Environment to continue.
# Native memory allocation (malloc) failed to allocate 65552 bytes for Chunk::new
# Possible reasons:
#   The system is out of physical RAM or swap space
#   In 32 bit mode, the process size limit was hit
# Possible solutions:
#   Reduce memory load on the system
#   Increase physical memory or swap space
#   Check if swap backing store is full
#   Use 64 bit Java on a 64 bit OS
#   Decrease Java heap size (-Xmx/-Xms)
#   Decrease number of Java threads
#   Decrease Java thread stack sizes (-Xss)
#   Set larger code cache with -XX:ReservedCodeCacheSize=
# This output file may be truncated or incomplete.
#
#  Out of Memory Error (allocation.cpp:390), pid=12100, tid=0x000000000000311c
#
# JRE version: Java(TM) SE Runtime Environment (8.0_121-b13) (build 1.8.0_121-b13)
# Java VM: Java HotSpot(TM) 64-Bit Server VM (25.121-b13 mixed mode windows-amd64 compressed oops)
# Failed to write core dump. Minidumps are not enabled by default on client versions of Windows
#

---------------  T H R E A D  ---------------

Current thread (0x0000000018420800):  JavaThread "C2 CompilerThread1" daemon [_thread_in_native, id=12572, stack(0x0000000018b60000,0x0000000018c60000)]

Stack: [0x0000000018b60000,0x0000000018c60000]
[error occurred during error reporting (printing stack bounds), id 0xc0000005]

Native frames: (J=compiled Java code, j=interpreted, Vv=VM code, C=native code)


Current CompileTask:
C2:  12762 1953       4       java.net.URLStreamHandler::parseURL (1193 bytes)


---------------  P R O C E S S  ---------------

Java Threads: ( => current thread )
  0x00000000195d0000 JavaThread "AsyncAppender-Worker-async-console-appender" daemon [_thread_blocked, id=13048, stack(0x000000001b070000,0x000000001b170000)]
  0x00000000187c3000 JavaThread "GC Daemon" daemon [_thread_blocked, id=12012, stack(0x000000001a370000,0x000000001a470000)]
  0x0000000018452000 JavaThread "Service Thread" daemon [_thread_blocked, id=6952, stack(0x0000000018d60000,0x0000000018e60000)]
  0x0000000018425000 JavaThread "C1 CompilerThread2" daemon [_thread_blocked, id=12756, stack(0x0000000018c60000,0x0000000018d60000)]
=>0x0000000018420800 JavaThread "C2 CompilerThread1" daemon [_thread_in_native, id=12572, stack(0x0000000018b60000,0x0000000018c60000)]
  0x00000000183c1800 JavaThread "C2 CompilerThread0" daemon [_thread_blocked, id=2612, stack(0x0000000018a60000,0x0000000018b60000)]
  0x00000000182b2000 JavaThread "Monitor Ctrl-Break" daemon [_thread_in_native, id=10716, stack(0x0000000018960000,0x0000000018a60000)]
  0x000000001671a800 JavaThread "Attach Listener" daemon [_thread_blocked, id=10204, stack(0x0000000017c60000,0x0000000017d60000)]
  0x0000000016719800 JavaThread "Signal Dispatcher" daemon [_thread_blocked, id=6020, stack(0x0000000017b60000,0x0000000017c60000)]
  0x0000000016700800 JavaThread "Finalizer" daemon [_thread_blocked, id=11560, stack(0x0000000017970000,0x0000000017a70000)]
  0x00000000166d8800 JavaThread "Reference Handler" daemon [_thread_blocked, id=2228, stack(0x0000000017870000,0x0000000017970000)]
  0x00000000021e9000 JavaThread "main" [_thread_in_vm, id=11412, stack(0x00000000020e0000,0x00000000021e0000)]

Other Threads:
  0x00000000166d7000 VMThread [stack: 0x0000000017770000,0x0000000017870000] [id=8184]
  0x00000000184e2800 WatcherThread [stack: 0x0000000018e60000,0x0000000018f60000] [id=6560]

VM state:not at safepoint (normal execution)

VM Mutex/Monitor currently owned by a thread: None

Heap:
 PSYoungGen      total 58368K, used 22239K [0x00000000daf00000, 0x00000000e1700000, 0x0000000100000000)
  eden space 53760K, 35% used [0x00000000daf00000,0x00000000dc174880,0x00000000de380000)
  from space 4608K, 72% used [0x00000000deb80000,0x00000000deec3468,0x00000000df000000)
  to   space 8192K, 0% used [0x00000000de380000,0x00000000de380000,0x00000000deb80000)
 ParOldGen       total 49664K, used 6425K [0x0000000090c00000, 0x0000000093c80000, 0x00000000daf00000)
  object space 49664K, 12% used [0x0000000090c00000,0x0000000091246468,0x0000000093c80000)
 Metaspace       used 24461K, capacity 24932K, committed 25088K, reserved 1071104K
  class space    used 3076K, capacity 3238K, committed 3328K, reserved 1048576K

Card table byte_map: [0x0000000011870000,0x0000000011bf0000] byte_map_base: 0x00000000113ea000

Marking Bits: (ParMarkBitMap*) 0x00000000762fb6d0
 Begin Bits: [0x0000000012250000, 0x0000000013e20000)
 End Bits:   [0x0000000013e20000, 0x00000000159f0000)

Polling page: 0x0000000001ef0000

CodeCache: size=245760Kb used=6478Kb max_used=6478Kb free=239281Kb
 bounds [0x00000000024b0000, 0x0000000002b10000, 0x00000000114b0000]
 total_blobs=2388 nmethods=1953 adapters=348
 compilation: enabled

Compilation events (10 events):
Event: 12.511 Thread 0x0000000018425000 nmethod 1948 0x0000000002b00250 code [0x0000000002b003a0, 0x0000000002b00550]
Event: 12.511 Thread 0x0000000018425000 1949       3       java.util.concurrent.locks.ReentrantLock::<init> (16 bytes)
Event: 12.511 Thread 0x0000000018425000 nmethod 1949 0x0000000002affad0 code [0x0000000002affc60, 0x0000000002b00050]
Event: 12.655 Thread 0x0000000018425000 1950       3       java.util.concurrent.locks.ReentrantLock$Sync::tryRelease (45 bytes)
Event: 12.655 Thread 0x0000000018420800 1953       4       java.net.URLStreamHandler::parseURL (1193 bytes)
Event: 12.655 Thread 0x0000000018425000 nmethod 1950 0x0000000002afe850 code [0x0000000002afe9e0, 0x0000000002afef88]
Event: 12.655 Thread 0x0000000018425000 1951       3       java.util.concurrent.locks.ReentrantLock$NonfairSync::lock (25 bytes)
Event: 12.656 Thread 0x0000000018425000 nmethod 1951 0x0000000002afdbd0 code [0x0000000002afdda0, 0x0000000002afe5f8]
Event: 12.656 Thread 0x0000000018425000 1952       3       java.util.concurrent.locks.ReentrantLock::unlock (10 bytes)
Event: 12.657 Thread 0x0000000018425000 nmethod 1952 0x0000000002afd510 code [0x0000000002afd6a0, 0x0000000002afda98]

GC Heap History (10 events):
Event: 6.762 GC heap before
{Heap before GC invocations=3 (full 0):
 PSYoungGen      total 33280K, used 33267K [0x00000000daf00000, 0x00000000dd400000, 0x0000000100000000)
  eden space 28672K, 100% used [0x00000000daf00000,0x00000000dcb00000,0x00000000dcb00000)
  from space 4608K, 99% used [0x00000000dcf80000,0x00000000dd3fcfa8,0x00000000dd400000)
  to   space 4608K, 0% used [0x00000000dcb00000,0x00000000dcb00000,0x00000000dcf80000)
 ParOldGen       total 76800K, used 865K [0x0000000090c00000, 0x0000000095700000, 0x00000000daf00000)
  object space 76800K, 1% used [0x0000000090c00000,0x0000000090cd85d8,0x0000000095700000)
 Metaspace       used 14854K, capacity 15136K, committed 15232K, reserved 1062912K
  class space    used 1758K, capacity 1854K, committed 1920K, reserved 1048576K
Event: 6.781 GC heap after
Heap after GC invocations=3 (full 0):
 PSYoungGen      total 33280K, used 4581K [0x00000000daf00000, 0x00000000df000000, 0x0000000100000000)
  eden space 28672K, 0% used [0x00000000daf00000,0x00000000daf00000,0x00000000dcb00000)
  from space 4608K, 99% used [0x00000000dcb00000,0x00000000dcf797b8,0x00000000dcf80000)
  to   space 4608K, 0% used [0x00000000deb80000,0x00000000deb80000,0x00000000df000000)
 ParOldGen       total 76800K, used 2507K [0x0000000090c00000, 0x0000000095700000, 0x00000000daf00000)
  object space 76800K, 3% used [0x0000000090c00000,0x0000000090e72de8,0x0000000095700000)
 Metaspace       used 14854K, capacity 15136K, committed 15232K, reserved 1062912K
  class space    used 1758K, capacity 1854K, committed 1920K, reserved 1048576K
}
Event: 8.073 GC heap before
{Heap before GC invocations=4 (full 0):
 PSYoungGen      total 33280K, used 33253K [0x00000000daf00000, 0x00000000df000000, 0x0000000100000000)
  eden space 28672K, 100% used [0x00000000daf00000,0x00000000dcb00000,0x00000000dcb00000)
  from space 4608K, 99% used [0x00000000dcb00000,0x00000000dcf797b8,0x00000000dcf80000)
  to   space 4608K, 0% used [0x00000000deb80000,0x00000000deb80000,0x00000000df000000)
 ParOldGen       total 76800K, used 2507K [0x0000000090c00000, 0x0000000095700000, 0x00000000daf00000)
  object space 76800K, 3% used [0x0000000090c00000,0x0000000090e72de8,0x0000000095700000)
 Metaspace       used 17511K, capacity 17728K, committed 17920K, reserved 1064960K
  class space    used 2125K, capacity 2252K, committed 2304K, reserved 1048576K
Event: 8.095 GC heap after
Heap after GC invocations=4 (full 0):
 PSYoungGen      total 61952K, used 4582K [0x00000000daf00000, 0x00000000df000000, 0x0000000100000000)
  eden space 57344K, 0% used [0x00000000daf00000,0x00000000daf00000,0x00000000de700000)
  from space 4608K, 99% used [0x00000000deb80000,0x00000000deff9bc8,0x00000000df000000)
  to   space 4608K, 0% used [0x00000000de700000,0x00000000de700000,0x00000000deb80000)
 ParOldGen       total 76800K, used 4155K [0x0000000090c00000, 0x0000000095700000, 0x00000000daf00000)
  object space 76800K, 5% used [0x0000000090c00000,0x000000009100edd8,0x0000000095700000)
 Metaspace       used 17511K, capacity 17728K, committed 17920K, reserved 1064960K
  class space    used 2125K, capacity 2252K, committed 2304K, reserved 1048576K
}
Event: 9.848 GC heap before
{Heap before GC invocations=5 (full 0):
 PSYoungGen      total 61952K, used 31986K [0x00000000daf00000, 0x00000000df000000, 0x0000000100000000)
  eden space 57344K, 47% used [0x00000000daf00000,0x00000000dc9c2f78,0x00000000de700000)
  from space 4608K, 99% used [0x00000000deb80000,0x00000000deff9bc8,0x00000000df000000)
  to   space 4608K, 0% used [0x00000000de700000,0x00000000de700000,0x00000000deb80000)
 ParOldGen       total 76800K, used 4155K [0x0000000090c00000, 0x0000000095700000, 0x00000000daf00000)
  object space 76800K, 5% used [0x0000000090c00000,0x000000009100edd8,0x0000000095700000)
 Metaspace       used 20769K, capacity 21120K, committed 21248K, reserved 1067008K
  class space    used 2607K, capacity 2736K, committed 2816K, reserved 1048576K
Event: 9.871 GC heap after
Heap after GC invocations=5 (full 0):
 PSYoungGen      total 61952K, used 4598K [0x00000000daf00000, 0x00000000df000000, 0x0000000100000000)
  eden space 57344K, 0% used [0x00000000daf00000,0x00000000daf00000,0x00000000de700000)
  from space 4608K, 99% used [0x00000000de700000,0x00000000deb7dbd8,0x00000000deb80000)
  to   space 4608K, 0% used [0x00000000deb80000,0x00000000deb80000,0x00000000df000000)
 ParOldGen       total 76800K, used 6101K [0x0000000090c00000, 0x0000000095700000, 0x00000000daf00000)
  object space 76800K, 7% used [0x0000000090c00000,0x00000000911f5708,0x0000000095700000)
 Metaspace       used 20769K, capacity 21120K, committed 21248K, reserved 1067008K
  class space    used 2607K, capacity 2736K, committed 2816K, reserved 1048576K
}
Event: 9.871 GC heap before
{Heap before GC invocations=6 (full 1):
 PSYoungGen      total 61952K, used 4598K [0x00000000daf00000, 0x00000000df000000, 0x0000000100000000)
  eden space 57344K, 0% used [0x00000000daf00000,0x00000000daf00000,0x00000000de700000)
  from space 4608K, 99% used [0x00000000de700000,0x00000000deb7dbd8,0x00000000deb80000)
  to   space 4608K, 0% used [0x00000000deb80000,0x00000000deb80000,0x00000000df000000)
 ParOldGen       total 76800K, used 6101K [0x0000000090c00000, 0x0000000095700000, 0x00000000daf00000)
  object space 76800K, 7% used [0x0000000090c00000,0x00000000911f5708,0x0000000095700000)
 Metaspace       used 20769K, capacity 21120K, committed 21248K, reserved 1067008K
  class space    used 2607K, capacity 2736K, committed 2816K, reserved 1048576K
Event: 9.956 GC heap after
Heap after GC invocations=6 (full 1):
 PSYoungGen      total 61952K, used 0K [0x00000000daf00000, 0x00000000df000000, 0x0000000100000000)
  eden space 57344K, 0% used [0x00000000daf00000,0x00000000daf00000,0x00000000de700000)
  from space 4608K, 0% used [0x00000000de700000,0x00000000de700000,0x00000000deb80000)
  to   space 4608K, 0% used [0x00000000deb80000,0x00000000deb80000,0x00000000df000000)
 ParOldGen       total 49664K, used 6417K [0x0000000090c00000, 0x0000000093c80000, 0x00000000daf00000)
  object space 49664K, 12% used [0x0000000090c00000,0x0000000091244468,0x0000000093c80000)
 Metaspace       used 20769K, capacity 21120K, committed 21248K, reserved 1067008K
  class space    used 2607K, capacity 2736K, committed 2816K, reserved 1048576K
}
Event: 11.382 GC heap before
{Heap before GC invocations=7 (full 1):
 PSYoungGen      total 61952K, used 57344K [0x00000000daf00000, 0x00000000df000000, 0x0000000100000000)
  eden space 57344K, 100% used [0x00000000daf00000,0x00000000de700000,0x00000000de700000)
  from space 4608K, 0% used [0x00000000de700000,0x00000000de700000,0x00000000deb80000)
  to   space 4608K, 0% used [0x00000000deb80000,0x00000000deb80000,0x00000000df000000)
 ParOldGen       total 49664K, used 6417K [0x0000000090c00000, 0x0000000093c80000, 0x00000000daf00000)
  object space 49664K, 12% used [0x0000000090c00000,0x0000000091244468,0x0000000093c80000)
 Metaspace       used 23327K, capacity 23716K, committed 23808K, reserved 1071104K
  class space    used 2945K, capacity 3062K, committed 3072K, reserved 1048576K
Event: 11.392 GC heap after
Heap after GC invocations=7 (full 1):
 PSYoungGen      total 58368K, used 3341K [0x00000000daf00000, 0x00000000e1700000, 0x0000000100000000)
  eden space 53760K, 0% used [0x00000000daf00000,0x00000000daf00000,0x00000000de380000)
  from space 4608K, 72% used [0x00000000deb80000,0x00000000deec3468,0x00000000df000000)
  to   space 8192K, 0% used [0x00000000de380000,0x00000000de380000,0x00000000deb80000)
 ParOldGen       total 49664K, used 6425K [0x0000000090c00000, 0x0000000093c80000, 0x00000000daf00000)
  object space 49664K, 12% used [0x0000000090c00000,0x0000000091246468,0x0000000093c80000)
 Metaspace       used 23327K, capacity 23716K, committed 23808K, reserved 1071104K
  class space    used 2945K, capacity 3062K, committed 3072K, reserved 1048576K
}

Deoptimization events (10 events):
Event: 10.578 Thread 0x00000000021e9000 Uncommon trap: reason=unstable_if action=reinterpret pc=0x0000000002894fd0 method=java.lang.String$CaseInsensitiveComparator.compare(Ljava/lang/String;Ljava/lang/String;)I @ 70
Event: 10.671 Thread 0x00000000021e9000 Uncommon trap: reason=unstable_if action=reinterpret pc=0x0000000002912e44 method=sun.misc.JarIndex.get(Ljava/lang/String;)Ljava/util/LinkedList; @ 27
Event: 10.996 Thread 0x00000000021e9000 Uncommon trap: reason=unstable_if action=reinterpret pc=0x000000000290bd60 method=java.util.concurrent.ConcurrentHashMap.putVal(Ljava/lang/Object;Ljava/lang/Object;Z)Ljava/lang/Object; @ 331
Event: 11.222 Thread 0x00000000021e9000 Uncommon trap: reason=unstable_if action=reinterpret pc=0x000000000271fe9c method=java.lang.AbstractStringBuilder.append(Ljava/lang/String;)Ljava/lang/AbstractStringBuilder; @ 1
Event: 11.222 Thread 0x00000000021e9000 Uncommon trap: reason=unstable_if action=reinterpret pc=0x00000000026ffd68 method=java.lang.AbstractStringBuilder.append(Ljava/lang/String;)Ljava/lang/AbstractStringBuilder; @ 1
Event: 11.451 Thread 0x00000000021e9000 Uncommon trap: reason=unstable_if action=reinterpret pc=0x00000000028d44ec method=java.util.HashMap.putVal(ILjava/lang/Object;Ljava/lang/Object;ZZ)Ljava/lang/Object; @ 162
Event: 11.616 Thread 0x00000000021e9000 Uncommon trap: reason=unstable_if action=reinterpret pc=0x00000000028c61d0 method=java.util.HashMap.getNode(ILjava/lang/Object;)Ljava/util/HashMap$Node; @ 84
Event: 11.617 Thread 0x00000000021e9000 Uncommon trap: reason=unstable_if action=reinterpret pc=0x00000000028dce6c method=java.util.HashMap.resize()[Ljava/util/HashMap$Node; @ 206
Event: 11.945 Thread 0x00000000021e9000 Uncommon trap: reason=unstable_if action=reinterpret pc=0x00000000029fd26c method=org.hibernate.validator.internal.metadata.aggregated.ExecutableMetaData$Builder.accepts(Lorg/hibernate/validator/internal/metadata/raw/ConstrainedElement;)Z @ 61
Event: 12.241 Thread 0x00000000021e9000 Uncommon trap: reason=unstable_if action=reinterpret pc=0x0000000002a3c2dc method=org.hibernate.validator.internal.metadata.aggregated.ExecutableMetaData$Builder.accepts(Lorg/hibernate/validator/internal/metadata/raw/ConstrainedElement;)Z @ 61

Internal exceptions (10 events):
Event: 7.284 Thread 0x00000000021e9000 Exception <a 'java/lang/ArrayIndexOutOfBoundsException'> (0x00000000db796460) thrown at [C:\re\workspace\8-2-build-windows-amd64-cygwin\jdk8u121\8372\hotspot\src\share\vm\runtime\sharedRuntime.cpp, line 605]
Event: 7.285 Thread 0x00000000021e9000 Exception <a 'java/lang/ArrayIndexOutOfBoundsException'> (0x00000000db798218) thrown at [C:\re\workspace\8-2-build-windows-amd64-cygwin\jdk8u121\8372\hotspot\src\share\vm\runtime\sharedRuntime.cpp, line 605]
Event: 7.647 Thread 0x00000000021e9000 Exception <a 'java/lang/ArrayIndexOutOfBoundsException'> (0x00000000dc07ab18) thrown at [C:\re\workspace\8-2-build-windows-amd64-cygwin\jdk8u121\8372\hotspot\src\share\vm\runtime\sharedRuntime.cpp, line 605]
Event: 7.647 Thread 0x00000000021e9000 Exception <a 'java/lang/ArrayIndexOutOfBoundsException'> (0x00000000dc07b868) thrown at [C:\re\workspace\8-2-build-windows-amd64-cygwin\jdk8u121\8372\hotspot\src\share\vm\runtime\sharedRuntime.cpp, line 605]
Event: 8.507 Thread 0x00000000021e9000 Exception <a 'java/lang/NoSuchMethodError': org.slf4j.impl.StaticMarkerBinder.getSingleton()Lorg/slf4j/impl/StaticMarkerBinder;> (0x00000000db372120) thrown at [C:\re\workspace\8-2-build-windows-amd64-cygwin\jdk8u121\8372\hotspot\src\share\vm\interpreter\
Event: 8.965 Thread 0x00000000021e9000 Exception <a 'java/lang/ArrayIndexOutOfBoundsException': 71> (0x00000000db8a4740) thrown at [C:\re\workspace\8-2-build-windows-amd64-cygwin\jdk8u121\8372\hotspot\src\share\vm\interpreter\interpreterRuntime.cpp, line 366]
Event: 8.966 Thread 0x00000000021e9000 Exception <a 'java/lang/ArrayIndexOutOfBoundsException': 60> (0x00000000db8a6248) thrown at [C:\re\workspace\8-2-build-windows-amd64-cygwin\jdk8u121\8372\hotspot\src\share\vm\interpreter\interpreterRuntime.cpp, line 366]
Event: 9.164 Thread 0x00000000021e9000 Exception <a 'java/lang/NoSuchMethodError': java.lang.Object.lambda$static$0(Ljava/lang/String;Lcom/codahale/metrics/Metric;)Z> (0x00000000dbb8e970) thrown at [C:\re\workspace\8-2-build-windows-amd64-cygwin\jdk8u121\8372\hotspot\src\share\vm\interpreter\l
Event: 11.222 Thread 0x00000000021e9000 Implicit null exception at 0x000000000271fb16 to 0x000000000271fe85
Event: 11.222 Thread 0x00000000021e9000 Implicit null exception at 0x00000000026ff9d6 to 0x00000000026ffd51

Events (10 events):
Event: 12.655 loading class io/dropwizard/setup/AdminEnvironment
Event: 12.655 loading class io/dropwizard/setup/AdminEnvironment done
Event: 12.658 loading class com/codahale/metrics/health/jvm/ThreadDeadlockHealthCheck
Event: 12.658 loading class com/codahale/metrics/health/jvm/ThreadDeadlockHealthCheck done
Event: 12.659 loading class io/dropwizard/servlets/tasks/Task
Event: 12.659 loading class io/dropwizard/servlets/tasks/Task done
Event: 12.685 loading class io/dropwizard/servlets/tasks/GarbageCollectionTask
Event: 12.685 loading class io/dropwizard/servlets/tasks/GarbageCollectionTask done
Event: 12.686 loading class io/dropwizard/servlets/tasks/LogConfigurationTask
Event: 12.686 loading class io/dropwizard/servlets/tasks/LogConfigurationTask done


Dynamic libraries:
0x00007ff6ba9e0000 - 0x00007ff6baa17000 	C:\Program Files\Java\jdk1.8.0_121\bin\java.exe
0x00007ffe20ea0000 - 0x00007ffe21081000 	C:\WINDOWS\SYSTEM32\ntdll.dll
0x00007ffdf09d0000 - 0x00007ffdf09e2000 	C:\Program Files\AVG\Antivirus\aswhook.dll
0x00007ffe1ffd0000 - 0x00007ffe20081000 	C:\WINDOWS\System32\KERNEL32.DLL
0x00007ffe1db50000 - 0x00007ffe1ddc3000 	C:\WINDOWS\System32\KERNELBASE.dll
0x00007ffe1fac0000 - 0x00007ffe1fb61000 	C:\WINDOWS\System32\ADVAPI32.dll
0x00007ffe20dd0000 - 0x00007ffe20e6e000 	C:\WINDOWS\System32\msvcrt.dll
0x00007ffe1e410000 - 0x00007ffe1e46b000 	C:\WINDOWS\System32\sechost.dll
0x00007ffe20410000 - 0x00007ffe20534000 	C:\WINDOWS\System32\RPCRT4.dll
0x00007ffe1e490000 - 0x00007ffe1e620000 	C:\WINDOWS\System32\USER32.dll
0x00007ffe1d310000 - 0x00007ffe1d330000 	C:\WINDOWS\System32\win32u.dll
0x00007ffe1e3e0000 - 0x00007ffe1e408000 	C:\WINDOWS\System32\GDI32.dll
0x00007ffe1de20000 - 0x00007ffe1dfb1000 	C:\WINDOWS\System32\gdi32full.dll
0x00007ffe1d270000 - 0x00007ffe1d30f000 	C:\WINDOWS\System32\msvcp_win.dll
0x00007ffe1e040000 - 0x00007ffe1e138000 	C:\WINDOWS\System32\ucrtbase.dll
0x00007ffe0ca20000 - 0x00007ffe0cc89000 	C:\WINDOWS\WinSxS\amd64_microsoft.windows.common-controls_6595b64144ccf1df_6.0.17134.950_none_fb3da4273069d3e0\COMCTL32.dll
0x00007ffe20670000 - 0x00007ffe20992000 	C:\WINDOWS\System32\combase.dll
0x00007ffe1dfc0000 - 0x00007ffe1e039000 	C:\WINDOWS\System32\bcryptPrimitives.dll
0x00007ffe1e3a0000 - 0x00007ffe1e3cd000 	C:\WINDOWS\System32\IMM32.DLL
0x0000000050000000 - 0x00000000500d2000 	C:\Program Files\Java\jdk1.8.0_121\jre\bin\msvcr100.dll
0x0000000075ae0000 - 0x000000007637b000 	C:\Program Files\Java\jdk1.8.0_121\jre\bin\server\jvm.dll
0x00007ffe20190000 - 0x00007ffe20198000 	C:\WINDOWS\System32\PSAPI.DLL
0x00007ffe108f0000 - 0x00007ffe108f9000 	C:\WINDOWS\SYSTEM32\WSOCK32.dll
0x00007ffe1e330000 - 0x00007ffe1e39c000 	C:\WINDOWS\System32\WS2_32.dll
0x00007ffe1aee0000 - 0x00007ffe1af03000 	C:\WINDOWS\SYSTEM32\WINMM.dll
0x00007ffe185b0000 - 0x00007ffe185ba000 	C:\WINDOWS\SYSTEM32\VERSION.dll
0x00007ffe1aeb0000 - 0x00007ffe1aeda000 	C:\WINDOWS\SYSTEM32\WINMMBASE.dll
0x00007ffe1ddd0000 - 0x00007ffe1de19000 	C:\WINDOWS\System32\cfgmgr32.dll
0x0000000050990000 - 0x000000005099f000 	C:\Program Files\Java\jdk1.8.0_121\jre\bin\verify.dll
0x00000000771a0000 - 0x00000000771c9000 	C:\Program Files\Java\jdk1.8.0_121\jre\bin\java.dll
0x0000000077150000 - 0x0000000077173000 	C:\Program Files\Java\jdk1.8.0_121\jre\bin\instrument.dll
0x0000000077180000 - 0x0000000077196000 	C:\Program Files\Java\jdk1.8.0_121\jre\bin\zip.dll
0x00007ffe1e680000 - 0x00007ffe1fac0000 	C:\WINDOWS\System32\SHELL32.dll
0x00007ffe20d20000 - 0x00007ffe20dc9000 	C:\WINDOWS\System32\shcore.dll
0x00007ffe1d330000 - 0x00007ffe1da3d000 	C:\WINDOWS\System32\windows.storage.dll
0x00007ffe1e620000 - 0x00007ffe1e671000 	C:\WINDOWS\System32\shlwapi.dll
0x00007ffe1d1e0000 - 0x00007ffe1d1f1000 	C:\WINDOWS\System32\kernel.appcore.dll
0x00007ffe1d250000 - 0x00007ffe1d26f000 	C:\WINDOWS\System32\profapi.dll
0x00007ffe1d200000 - 0x00007ffe1d24c000 	C:\WINDOWS\System32\powrprof.dll
0x00007ffe1d1d0000 - 0x00007ffe1d1da000 	C:\WINDOWS\System32\FLTLIB.DLL
0x00007ffe0e610000 - 0x00007ffe0e62a000 	C:\Program Files\JetBrains\IntelliJ IDEA 2019.2.1\bin\breakgen64.dll
0x0000000077130000 - 0x000000007714a000 	C:\Program Files\Java\jdk1.8.0_121\jre\bin\net.dll
0x00007ffe1ca30000 - 0x00007ffe1ca96000 	C:\WINDOWS\system32\mswsock.dll
0x0000000076f70000 - 0x0000000076f94000 	C:\Program Files\Java\jdk1.8.0_121\jre\bin\sunec.dll
0x0000000050980000 - 0x000000005098b000 	C:\Program Files\Java\jdk1.8.0_121\jre\bin\sunmscapi.dll
0x00007ffe1e140000 - 0x00007ffe1e322000 	C:\WINDOWS\System32\CRYPT32.dll
0x00007ffe1d1b0000 - 0x00007ffe1d1c2000 	C:\WINDOWS\System32\MSASN1.dll
0x0000000077100000 - 0x000000007710d000 	C:\Program Files\Java\jdk1.8.0_121\jre\bin\management.dll
0x0000000077110000 - 0x0000000077121000 	C:\Program Files\Java\jdk1.8.0_121\jre\bin\nio.dll

VM Arguments:
jvm_args: -javaagent:C:\Program Files\JetBrains\IntelliJ IDEA 2019.2.1\lib\idea_rt.jar=52555:C:\Program Files\JetBrains\IntelliJ IDEA 2019.2.1\bin -Dfile.encoding=UTF-8 
java_command: com.java.hellodropwizardApplication server C:\Users\Divya\Documents\GitHub\TestApplication\config.yml
java_class_path (initial): C:\Program Files\Java\jdk1.8.0_121\jre\lib\charsets.jar;C:\Program Files\Java\jdk1.8.0_121\jre\lib\deploy.jar;C:\Program Files\Java\jdk1.8.0_121\jre\lib\ext\access-bridge-64.jar;C:\Program Files\Java\jdk1.8.0_121\jre\lib\ext\cldrdata.jar;C:\Program Files\Java\jdk1.8.0_121\jre\lib\ext\dnsns.jar;C:\Program Files\Java\jdk1.8.0_121\jre\lib\ext\jaccess.jar;C:\Program Files\Java\jdk1.8.0_121\jre\lib\ext\jfxrt.jar;C:\Program Files\Java\jdk1.8.0_121\jre\lib\ext\localedata.jar;C:\Program Files\Java\jdk1.8.0_121\jre\lib\ext\nashorn.jar;C:\Program Files\Java\jdk1.8.0_121\jre\lib\ext\sunec.jar;C:\Program Files\Java\jdk1.8.0_121\jre\lib\ext\sunjce_provider.jar;C:\Program Files\Java\jdk1.8.0_121\jre\lib\ext\sunmscapi.jar;C:\Program Files\Java\jdk1.8.0_121\jre\lib\ext\sunpkcs11.jar;C:\Program Files\Java\jdk1.8.0_121\jre\lib\ext\zipfs.jar;C:\Program Files\Java\jdk1.8.0_121\jre\lib\javaws.jar;C:\Program Files\Java\jdk1.8.0_121\jre\lib\jce.jar;C:\Program Files\Java\jdk1.8.0_121\jre\lib\jfr.jar;C:\Program Files\Java\jdk1.8.0_121\jre\lib\jfxswt.jar;C:\Program Files\Java\jdk1.8.0_121\jre\lib\jsse.jar;C:\Program Files\Java\jdk1.8.0_121\jre\lib\management-agent.jar;C:\Program Files\Java\jdk1.8.0_121\jre\lib\plugin.jar;C:\Program Files\Java\jdk1.8.0_121\jre\lib\resources.jar;C:\Program Files\Java\jdk1.8.0_121\jre\lib\rt.jar;C:\Users\Divya\Documents\GitHub\TestApplication\target\classes;C:\Users\Divya\.m2\repository\io\dropwizard\dropwizard-core\1.3.9\dropwizard-core-1.3.9.jar;C:\Users\Divya\.m2\repository\io\dropwizard\dropwizard-util\1.3.9\dropwizard-util-1.3.9.jar;C:\Users\Divya\.m2\repository\com\google\code\findbugs\jsr305\3.0.2\jsr305-3.0.2.jar;C:\Users\Divya\.m2\repository\joda-time\joda-time\2.10.1\joda-time-2.10.1.jar;C:\Users\Divya\.m2\repository\io\dropwizard\dropwizard-validation\1.3.9\dropwizard-validation-1.3.9.jar;C:\Users\Divya\.m2\repository\org\hibernate\hibernate-validator\5.4.3.Final\hibernate-validator-5.4.3.Final.jar;C:\Users\Divya\.m2\repo
Launcher Type: SUN_STANDARD

Environment Variables:
PATH="C:\ProgramData\Oracle\Java\javapath;C:\Program Files\Java\jdk1.8.0_121\bin;C:\Program Files\Java\jre1.8.0_121\bin";C:\WINDOWS\system32;C:\WINDOWS;C:\WINDOWS\System32\Wbem;C:\WINDOWS\System32\WindowsPowerShell\v1.0\;C:\WINDOWS\System32\OpenSSH\;"C:\Program Files\Java\jdk1.8.0_121\bin;";C:\Program Files (x86)\MySQL\MySQL Utilities 1.6\;C:\Program Files\MySQL;C:\Program Files\Git\cmd;"C:\Users\Divya\AppData\Local\Microsoft\WindowsApps;C:\Program Files\Java\jre1.8.0_121\bin;";C:\Users\Divya\AppData\Local\Microsoft\WindowsApps;C:\Program Files\Java\jdk1.8.0_121\bin;C:\Program Files\MySQL;C:\Program Files\JetBrains\IntelliJ IDEA 2019.2.1\bin;C:\Users\Divya\AppData\Local\GitHubDesktop\bin
USERNAME=Divya
OS=Windows_NT
PROCESSOR_IDENTIFIER=AMD64 Family 21 Model 48 Stepping 1, AuthenticAMD



---------------  S Y S T E M  ---------------

OS: Windows 10.0 , 64 bit Build 17134 (10.0.17134.753)

CPU:total 4 (4 cores per cpu, 1 threads per core) family 21 model 48 stepping 1, cmov, cx8, fxsr, mmx, sse, sse2, sse3, ssse3, sse4.1, sse4.2, popcnt, avx, aes, clmul, mmxext, 3dnowpref, lzcnt, sse4a, tsc, tscinvbit, tscinv, bmi1

Memory: 4k page, physical 7289200k(1203156k free), swap 17458924k(4104k free)

vm_info: Java HotSpot(TM) 64-Bit Server VM (25.121-b13) for windows-amd64 JRE (1.8.0_121-b13), built on Dec 12 2016 18:21:36 by "java_re" with MS VC++ 10.0 (VS2010)

time: Thu Sep 26 13:22:01 2019
elapsed time: 12 seconds (0d 0h 0m 12s)

